<?xml version="1.0" encoding="UTF-8"?>
<testsuite name="testToDo.FlowOneTest" tests="1" skipped="0" failures="0" errors="0" timestamp="2020-09-26T07:26:01" hostname="DESKTOP-0QU3ORD" time="27.718">
  <properties/>
  <testcase name="VerifyTaskAdded" classname="testToDo.FlowOneTest" time="27.718"/>
  <system-out><![CDATA[]]></system-out>
  <system-err><![CDATA[Sep 26, 2020 3:26:20 AM io.appium.java_client.remote.AppiumCommandExecutor$1 lambda$0
INFO: Detected dialect: W3C
]]></system-err>
</testsuite>
